2024-01-04 16:29:38.248 =>[background-preinit] == DEBUG org.hibernate.validator.messageinterpolation.ResourceBundleMessageInterpolator:89 - Loaded expression factory via original TCCL
2024-01-04 16:29:38.258 =>[background-preinit] == DEBUG org.hibernate.validator.internal.engine.ValidatorFactoryImpl:578 - HV000234: Using org.hibernate.validator.messageinterpolation.ResourceBundleMessageInterpolator as ValidatorFactory-scoped message interpolator.
2024-01-04 16:29:38.259 =>[background-preinit] == DEBUG org.hibernate.validator.internal.engine.ValidatorFactoryImpl:579 - HV000234: Using org.hibernate.validator.internal.engine.resolver.TraverseAllTraversableResolver as ValidatorFactory-scoped traversable resolver.
2024-01-04 16:29:38.259 =>[background-preinit] == DEBUG org.hibernate.validator.internal.engine.ValidatorFactoryImpl:580 - HV000234: Using org.hibernate.validator.internal.util.ExecutableParameterNameProvider as ValidatorFactory-scoped parameter name provider.
2024-01-04 16:29:38.259 =>[background-preinit] == DEBUG org.hibernate.validator.internal.engine.ValidatorFactoryImpl:581 - HV000234: Using org.hibernate.validator.internal.engine.DefaultClockProvider as ValidatorFactory-scoped clock provider.
2024-01-04 16:29:38.259 =>[background-preinit] == DEBUG org.hibernate.validator.internal.engine.ValidatorFactoryImpl:582 - HV000234: Using org.hibernate.validator.internal.engine.scripting.DefaultScriptEvaluatorFactory as ValidatorFactory-scoped script evaluator factory.
2024-01-04 16:29:38.292 =>[main] == INFO  com.yhdyy.jyhrserver.JyhrServerApplication:55 - Starting JyhrServerApplication on Jaimes-MacBook-Pro.local with PID 34742 (/Users/m/Downloads/JYHRServer/target/classes started by m in /Users/m/Downloads/JYHRServer)
2024-01-04 16:29:38.295 =>[main] == DEBUG com.yhdyy.jyhrserver.JyhrServerApplication:56 - Running with Spring Boot v2.2.0.RELEASE, Spring v5.2.0.RELEASE
2024-01-04 16:29:38.296 =>[main] == INFO  com.yhdyy.jyhrserver.JyhrServerApplication:651 - No active profile set, falling back to default profiles: default
2024-01-04 16:29:38.978 =>[main] == DEBUG org.apache.ibatis.logging.LogFactory:105 - Logging initialized using 'class org.apache.ibatis.logging.slf4j.Slf4jImpl' adapter.
2024-01-04 16:29:38.980 =>[main] == DEBUG org.mybatis.spring.mapper.ClassPathMapperScanner:437 - Identified candidate component class: file [/Users/m/Downloads/JYHRServer/target/classes/com/yhdyy/jyhrserver/daos/chisdb/ChisDao.class]
2024-01-04 16:29:38.981 =>[main] == DEBUG org.mybatis.spring.mapper.ClassPathMapperScanner:49 - Creating MapperFactoryBean with name 'chisDao' and 'com.yhdyy.jyhrserver.daos.chisdb.ChisDao' mapperInterface
2024-01-04 16:29:38.986 =>[main] == DEBUG org.mybatis.spring.mapper.ClassPathMapperScanner:437 - Identified candidate component class: file [/Users/m/Downloads/JYHRServer/target/classes/com/yhdyy/jyhrserver/daos/clabdb/ClabDao.class]
2024-01-04 16:29:38.986 =>[main] == DEBUG org.mybatis.spring.mapper.ClassPathMapperScanner:49 - Creating MapperFactoryBean with name 'clabDao' and 'com.yhdyy.jyhrserver.daos.clabdb.ClabDao' mapperInterface
2024-01-04 16:29:39.166 =>[main] == INFO  org.springframework.context.support.PostProcessorRegistrationDelegate$BeanPostProcessorChecker:330 - Bean 'com.dtflys.forest.springboot.ForestAutoConfiguration' of type [com.dtflys.forest.springboot.ForestAutoConfiguration$$EnhancerBySpringCGLIB$$d14c8757] is not eligible for getting processed by all BeanPostProcessors (for example: not eligible for auto-proxying)
2024-01-04 16:29:39.173 =>[main] == INFO  org.springframework.context.support.PostProcessorRegistrationDelegate$BeanPostProcessorChecker:330 - Bean 'org.springframework.transaction.annotation.ProxyTransactionManagementConfiguration' of type [org.springframework.transaction.annotation.ProxyTransactionManagementConfiguration] is not eligible for getting processed by all BeanPostProcessors (for example: not eligible for auto-proxying)
2024-01-04 16:29:39.202 =>[main] == INFO  org.springframework.context.support.PostProcessorRegistrationDelegate$BeanPostProcessorChecker:330 - Bean 'forestProperties' of type [com.dtflys.forest.config.SpringForestProperties] is not eligible for getting processed by all BeanPostProcessors (for example: not eligible for auto-proxying)
2024-01-04 16:29:39.204 =>[main] == INFO  org.springframework.context.support.PostProcessorRegistrationDelegate$BeanPostProcessorChecker:330 - Bean 'forestObjectFactory' of type [com.dtflys.forest.reflection.SpringForestObjectFactory] is not eligible for getting processed by all BeanPostProcessors (for example: not eligible for auto-proxying)
2024-01-04 16:29:39.207 =>[main] == INFO  org.springframework.context.support.PostProcessorRegistrationDelegate$BeanPostProcessorChecker:330 - Bean 'forestInterceptorFactory' of type [com.dtflys.forest.interceptor.SpringInterceptorFactory] is not eligible for getting processed by all BeanPostProcessors (for example: not eligible for auto-proxying)
2024-01-04 16:29:39.226 =>[main] == INFO  org.springframework.context.support.PostProcessorRegistrationDelegate$BeanPostProcessorChecker:330 - Bean 'forest-com.dtflys.forest.springboot.properties.ForestConfigurationProperties' of type [com.dtflys.forest.springboot.properties.ForestConfigurationProperties] is not eligible for getting processed by all BeanPostProcessors (for example: not eligible for auto-proxying)
2024-01-04 16:29:39.279 =>[main] == INFO  org.springframework.context.support.PostProcessorRegistrationDelegate$BeanPostProcessorChecker:330 - Bean 'forestConfiguration' of type [com.dtflys.forest.config.ForestConfiguration] is not eligible for getting processed by all BeanPostProcessors (for example: not eligible for auto-proxying)
2024-01-04 16:29:39.285 =>[main] == INFO  org.springframework.context.support.PostProcessorRegistrationDelegate$BeanPostProcessorChecker:330 - Bean 'forestConverterBeanListener' of type [com.dtflys.forest.spring.ConverterBeanListener] is not eligible for getting processed by all BeanPostProcessors (for example: not eligible for auto-proxying)
2024-01-04 16:29:39.295 =>[main] == DEBUG com.dtflys.forest.scanner.ClassPathClientScanner:437 - Identified candidate component class: file [/Users/m/Downloads/JYHRServer/target/classes/com/yhdyy/jyhrserver/client/NetService.class]
2024-01-04 16:29:39.298 =>[main] == INFO  com.dtflys.forest.scanner.ClassPathClientScanner:158 - [Forest] Created Forest Client Bean with name 'netService' and Proxy of 'com.yhdyy.jyhrserver.client.NetService' client interface
2024-01-04 16:29:39.597 =>[main] == INFO  org.springframework.boot.web.embedded.tomcat.TomcatWebServer:92 - Tomcat initialized with port(s): 8080 (http)
2024-01-04 16:29:39.611 =>[main] == INFO  org.apache.coyote.http11.Http11NioProtocol:173 - Initializing ProtocolHandler ["http-nio-8080"]
2024-01-04 16:29:39.612 =>[main] == INFO  org.apache.catalina.core.StandardService:173 - Starting service [Tomcat]
2024-01-04 16:29:39.613 =>[main] == INFO  org.apache.catalina.core.StandardEngine:173 - Starting Servlet engine: [Apache Tomcat/9.0.27]
2024-01-04 16:29:39.690 =>[main] == INFO  org.apache.catalina.core.ContainerBase.[Tomcat].[localhost].[/]:173 - Initializing Spring embedded WebApplicationContext
2024-01-04 16:29:39.690 =>[main] == INFO  org.springframework.web.context.ContextLoader:284 - Root WebApplicationContext: initialization completed in 1353 ms
2024-01-04 16:29:39.915 =>[main] == DEBUG com.zaxxer.hikari.HikariConfig:900 - Driver class com.microsoft.sqlserver.jdbc.SQLServerDriver found in Thread context class loader jdk.internal.loader.ClassLoaders$AppClassLoader@251a69d7
2024-01-04 16:29:39.952 =>[main] == DEBUG org.mybatis.spring.SqlSessionFactoryBean:49 - Property 'configuration' or 'configLocation' not specified, using default MyBatis Configuration
2024-01-04 16:29:40.132 =>[main] == DEBUG org.mybatis.spring.SqlSessionFactoryBean:49 - Parsed mapper file: 'file [/Users/m/Downloads/JYHRServer/target/classes/com/yhdyy/jyhrserver/daos/chisdb/ChisDao.xml]'
2024-01-04 16:29:40.147 =>[main] == DEBUG com.zaxxer.hikari.HikariConfig:900 - Driver class com.microsoft.sqlserver.jdbc.SQLServerDriver found in Thread context class loader jdk.internal.loader.ClassLoaders$AppClassLoader@251a69d7
2024-01-04 16:29:40.151 =>[main] == DEBUG org.mybatis.spring.SqlSessionFactoryBean:49 - Property 'configuration' or 'configLocation' not specified, using default MyBatis Configuration
2024-01-04 16:29:40.173 =>[main] == DEBUG org.mybatis.spring.SqlSessionFactoryBean:49 - Parsed mapper file: 'file [/Users/m/Downloads/JYHRServer/target/classes/com/yhdyy/jyhrserver/daos/clabdb/ClabDao.xml]'
2024-01-04 16:29:40.215 =>[main] == DEBUG org.hibernate.validator.internal.engine.resolver.TraversableResolvers:60 - Cannot find javax.persistence.Persistence on classpath. Assuming non JPA 2 environment. All properties will per default be traversable.
2024-01-04 16:29:40.215 =>[main] == DEBUG org.hibernate.validator.messageinterpolation.ResourceBundleMessageInterpolator:89 - Loaded expression factory via original TCCL
2024-01-04 16:29:40.220 =>[main] == DEBUG org.hibernate.validator.internal.engine.resolver.TraversableResolvers:60 - Cannot find javax.persistence.Persistence on classpath. Assuming non JPA 2 environment. All properties will per default be traversable.
2024-01-04 16:29:40.221 =>[main] == DEBUG org.hibernate.validator.internal.engine.ConfigurationImpl:148 - Setting custom MessageInterpolator of type org.springframework.validation.beanvalidation.LocaleContextMessageInterpolator
2024-01-04 16:29:40.222 =>[main] == DEBUG org.hibernate.validator.internal.engine.ConfigurationImpl:180 - Setting custom ConstraintValidatorFactory of type org.springframework.validation.beanvalidation.SpringConstraintValidatorFactory
2024-01-04 16:29:40.223 =>[main] == DEBUG org.hibernate.validator.internal.engine.ConfigurationImpl:194 - Setting custom ParameterNameProvider of type org.springframework.validation.beanvalidation.LocalValidatorFactoryBean$1
2024-01-04 16:29:40.224 =>[main] == DEBUG org.hibernate.validator.internal.xml.config.ValidationXmlParser:120 - Trying to load META-INF/validation.xml for XML based Validator configuration.
2024-01-04 16:29:40.224 =>[main] == DEBUG org.hibernate.validator.internal.xml.config.ResourceLoaderHelper:53 - Trying to load META-INF/validation.xml via user class loader
2024-01-04 16:29:40.224 =>[main] == DEBUG org.hibernate.validator.internal.xml.config.ResourceLoaderHelper:60 - Trying to load META-INF/validation.xml via TCCL
2024-01-04 16:29:40.224 =>[main] == DEBUG org.hibernate.validator.internal.xml.config.ResourceLoaderHelper:66 - Trying to load META-INF/validation.xml via Hibernate Validator's class loader
2024-01-04 16:29:40.224 =>[main] == DEBUG org.hibernate.validator.internal.xml.config.ValidationXmlParser:127 - No META-INF/validation.xml found. Using annotation based configuration only.
2024-01-04 16:29:40.227 =>[main] == DEBUG org.hibernate.validator.internal.engine.ValidatorFactoryImpl:578 - HV000234: Using org.springframework.validation.beanvalidation.LocaleContextMessageInterpolator as ValidatorFactory-scoped message interpolator.
2024-01-04 16:29:40.227 =>[main] == DEBUG org.hibernate.validator.internal.engine.ValidatorFactoryImpl:579 - HV000234: Using org.hibernate.validator.internal.engine.resolver.TraverseAllTraversableResolver as ValidatorFactory-scoped traversable resolver.
2024-01-04 16:29:40.228 =>[main] == DEBUG org.hibernate.validator.internal.engine.ValidatorFactoryImpl:580 - HV000234: Using org.hibernate.validator.internal.util.ExecutableParameterNameProvider as ValidatorFactory-scoped parameter name provider.
2024-01-04 16:29:40.228 =>[main] == DEBUG org.hibernate.validator.internal.engine.ValidatorFactoryImpl:581 - HV000234: Using org.hibernate.validator.internal.engine.DefaultClockProvider as ValidatorFactory-scoped clock provider.
2024-01-04 16:29:40.228 =>[main] == DEBUG org.hibernate.validator.internal.engine.ValidatorFactoryImpl:582 - HV000234: Using org.hibernate.validator.internal.engine.scripting.DefaultScriptEvaluatorFactory as ValidatorFactory-scoped script evaluator factory.
2024-01-04 16:29:40.355 =>[main] == INFO  org.springframework.scheduling.concurrent.ThreadPoolTaskExecutor:171 - Initializing ExecutorService 'applicationTaskExecutor'
2024-01-04 16:29:40.575 =>[main] == INFO  org.springframework.scheduling.concurrent.ThreadPoolTaskScheduler:171 - Initializing ExecutorService 'taskScheduler'
2024-01-04 16:29:40.621 =>[main] == INFO  org.apache.coyote.http11.Http11NioProtocol:173 - Starting ProtocolHandler ["http-nio-8080"]
2024-01-04 16:29:40.638 =>[main] == INFO  org.springframework.boot.web.embedded.tomcat.TomcatWebServer:204 - Tomcat started on port(s): 8080 (http) with context path ''
2024-01-04 16:29:40.640 =>[main] == INFO  com.yhdyy.jyhrserver.JyhrServerApplication:61 - Started JyhrServerApplication in 2.655 seconds (JVM running for 4.307)
2024-01-04 16:44:41.608 =>[SpringContextShutdownHook] == INFO  org.springframework.scheduling.concurrent.ThreadPoolTaskScheduler:208 - Shutting down ExecutorService 'taskScheduler'
2024-01-04 16:44:41.628 =>[SpringContextShutdownHook] == INFO  org.springframework.scheduling.concurrent.ThreadPoolTaskExecutor:208 - Shutting down ExecutorService 'applicationTaskExecutor'
